Base path: C:/Program Files (x86)/Unity/Editor/Data
Pipe name: \\.\pipe\UnityShaderCompiler-1-4700
Cmd: getPlatforms
Cmd: preprocess
  insize=9195 outsize=2329 ok=1
Cmd: compileSnippet
  api=4 type=0 insize=6521 outsize=990 kw= ok=1
Cmd: compileSnippet
  api=4 type=1 insize=6521 outsize=1542 kw= ok=1
Cmd: compileSnippet
  api=4 type=0 insize=6517 outsize=990 kw= ok=1
Cmd: compileSnippet
  api=4 type=1 insize=6517 outsize=2184 kw= ok=1
Cmd: compileSnippet
  api=4 type=0 insize=6517 outsize=990 kw= ok=1
Cmd: compileSnippet
  api=4 type=1 insize=6517 outsize=1469 kw= ok=1
Cmd: compileSnippet
  api=4 type=0 insize=6517 outsize=990 kw= ok=1
Cmd: compileSnippet
  api=4 type=1 insize=6517 outsize=1469 kw= ok=1
Cmd: compileSnippet
  api=4 type=0 insize=6520 outsize=990 kw= ok=1
Cmd: compileSnippet
  api=4 type=1 insize=6520 outsize=1794 kw= ok=1
Cmd: compileSnippet
  api=4 type=0 insize=6520 outsize=990 kw= ok=1
Cmd: compileSnippet
  api=4 type=1 insize=6520 outsize=1469 kw= ok=1
Cmd: compileSnippet
  api=4 type=0 insize=6529 outsize=990 kw= ok=1
Cmd: compileSnippet
  api=4 type=1 insize=6529 outsize=1087 kw= ok=1
Cmd: compileSnippet
  api=4 type=0 insize=6534 outsize=990 kw= ok=1
Cmd: compileSnippet
  api=4 type=1 insize=6534 outsize=1347 kw= ok=1
Cmd: compileSnippet
  api=4 type=0 insize=6527 outsize=990 kw= ok=1
Cmd: compileSnippet
  api=4 type=1 insize=6527 outsize=852 kw= ok=1
Cmd: compileSnippet
  api=4 type=0 insize=6525 outsize=990 kw= ok=1
Cmd: compileSnippet
  api=4 type=1 insize=6525 outsize=1510 kw= ok=1
Cmd: compileSnippet
  api=4 type=0 insize=6532 outsize=990 kw= ok=1
Cmd: compileSnippet
  api=4 type=1 insize=6532 outsize=1591 kw= ok=1
Cmd: preprocess
  insize=11276 outsize=718 ok=1
Cmd: compileSnippet
  api=4 type=0 insize=10590 outsize=990 kw= ok=1
Cmd: compileSnippet
  api=4 type=1 insize=10590 outsize=1672 kw= ok=1
Cmd: compileSnippet
  api=4 type=0 insize=10613 outsize=990 kw= ok=1
Cmd: compileSnippet
  api=4 type=1 insize=10613 outsize=9269 kw= ok=1
Cmd: compileSnippet
  api=4 type=0 insize=10612 outsize=990 kw= ok=1
Cmd: compileSnippet
  api=4 type=1 insize=10612 outsize=9285 kw= ok=1
Cmd: preprocess
  insize=1209 outsize=459 ok=1
Cmd: compileSnippet
  api=4 type=0 insize=997 outsize=990 kw= ok=1
Cmd: compileSnippet
  api=4 type=1 insize=997 outsize=843 kw= ok=1
Cmd: compileSnippet
  api=4 type=0 insize=996 outsize=990 kw= ok=1
Cmd: compileSnippet
  api=4 type=1 insize=996 outsize=843 kw= ok=1
Cmd: preprocess
  insize=8652 outsize=774 ok=1
Cmd: compileSnippet
  api=4 type=0 insize=8117 outsize=1908 kw= ok=1
Cmd: compileSnippet
  api=4 type=1 insize=8117 outsize=3094 kw= ok=1
Cmd: compileSnippet
  api=4 type=0 insize=8122 outsize=1997 kw= ok=1
Cmd: compileSnippet
  api=4 type=1 insize=8122 outsize=3297 kw= ok=1
Cmd: compileSnippet
  api=4 type=0 insize=8142 outsize=1339 kw= ok=1
Cmd: compileSnippet
  api=4 type=1 insize=8142 outsize=4963 kw= ok=1
Cmd: compileSnippet
  api=4 type=0 insize=8137 outsize=1339 kw= ok=1
Cmd: compileSnippet
  api=4 type=1 insize=8137 outsize=5223 kw= ok=1
Cmd: preprocess
  insize=1685 outsize=352 ok=1
Cmd: compileSnippet
  api=4 type=0 insize=1635 outsize=1485 kw= ok=1
Cmd: compileSnippet
  api=4 type=1 insize=1635 outsize=1965 kw= ok=1
Cmd: preprocess
  insize=919 outsize=353 ok=1
Cmd: compileSnippet
  api=4 type=0 insize=869 outsize=990 kw= ok=1
Cmd: compileSnippet
  api=4 type=1 insize=869 outsize=1225 kw= ok=1
Cmd: preprocess
  insize=1006 outsize=316 ok=1
Cmd: compileSnippet
  api=4 type=0 insize=995 outsize=990 kw= ok=1
Cmd: compileSnippet
  api=4 type=1 insize=995 outsize=957 kw= ok=1
Cmd: preprocess
  insize=5136 outsize=2085 ok=1
Cmd: compileSnippet
  api=4 type=0 insize=3355 outsize=2087 kw=WATER_REFRACTIVE ok=1
Cmd: compileSnippet
  api=4 type=1 insize=3355 outsize=2875 kw=WATER_REFRACTIVE ok=1
Cmd: preprocess
  insize=1989 outsize=486 ok=1
Cmd: compileSnippet
  api=4 type=0 insize=1805 outsize=1128 kw= ok=1
Cmd: compileSnippet
  api=4 type=1 insize=1805 outsize=1688 kw= ok=1
Cmd: preprocess
  insize=1291 outsize=412 ok=1
Cmd: compileSnippet
  api=4 type=0 insize=1184 outsize=1339 kw= ok=1
Cmd: compileSnippet
  api=4 type=1 insize=1184 outsize=1526 kw= ok=1
Cmd: preprocess
  insize=3562 outsize=712 ok=1
Cmd: compileSnippet
  api=4 type=0 insize=3086 outsize=990 kw= ok=1
Cmd: compileSnippet
  api=4 type=1 insize=3086 outsize=1339 kw= ok=1
Cmd: compileSnippet
  api=4 type=0 insize=3085 outsize=990 kw= ok=1
Cmd: compileSnippet
  api=4 type=1 insize=3085 outsize=1209 kw= ok=1
Cmd: compileSnippet
  api=4 type=0 insize=3130 outsize=990 kw= ok=1
Cmd: compileSnippet
  api=4 type=1 insize=3130 outsize=2623 kw= ok=1
Cmd: preprocess
  insize=1183 outsize=296 ok=1
Cmd: compileSnippet
  api=4 type=0 insize=1189 outsize=1558 kw= ok=1
Cmd: compileSnippet
  api=4 type=1 insize=1189 outsize=1372 kw= ok=1
Cmd: preprocess
  insize=1235 outsize=409 ok=1
Cmd: compileSnippet
  api=4 type=0 insize=1131 outsize=990 kw= ok=1
Cmd: compileSnippet
  api=4 type=1 insize=1131 outsize=1615 kw= ok=1
Cmd: preprocess
  insize=6551 outsize=797 ok=1
Cmd: compileSnippet
  api=4 type=0 insize=1797 outsize=1209 kw= ok=1
Cmd: compileSnippet
  api=4 type=1 insize=1797 outsize=12235 kw= ok=1
Cmd: compileSnippet
  api=4 type=0 insize=2061 outsize=1209 kw= ok=1
Cmd: compileSnippet
  api=4 type=1 insize=2061 outsize=20132 kw= ok=1
Cmd: compileSnippet
  api=4 type=0 insize=2567 outsize=1209 kw= ok=1
Cmd: compileSnippet
  api=4 type=1 insize=2567 outsize=35927 kw= ok=1
Cmd: compileSnippet
  api=4 type=0 insize=2840 outsize=1071 kw= ok=1
Cmd: compileSnippet
  api=4 type=1 insize=2840 outsize=4012 kw= ok=1
Cmd: compileSnippet
  api=4 type=0 insize=1780 outsize=1347 kw= ok=1
Cmd: compileSnippet
  api=4 type=1 insize=1780 outsize=1095 kw= ok=1
Cmd: preprocess
  insize=1173 outsize=314 ok=1
Cmd: compileSnippet
  api=4 type=0 insize=1164 outsize=1737 kw= ok=1
Cmd: compileSnippet
  api=4 type=1 insize=1164 outsize=1396 kw= ok=1
Cmd: preprocess
  insize=12907 outsize=2601 ok=1
Cmd: compileSnippet
  api=4 type=0 insize=10214 outsize=5369 kw=WATER_VERTEX_DISPLACEMENT_ON WATER_EDGEBLEND_ON WATER_REFLECTIVE ok=1
Cmd: compileSnippet
  api=4 type=1 insize=10214 outsize=5897 kw=WATER_VERTEX_DISPLACEMENT_ON WATER_EDGEBLEND_ON WATER_REFLECTIVE ok=1
Cmd: compileSnippet
  api=4 type=0 insize=10218 outsize=4979 kw=WATER_VERTEX_DISPLACEMENT_ON WATER_EDGEBLEND_ON WATER_REFLECTIVE ok=1
Cmd: compileSnippet
  api=4 type=1 insize=10218 outsize=4483 kw=WATER_VERTEX_DISPLACEMENT_ON WATER_EDGEBLEND_ON WATER_REFLECTIVE ok=1
Cmd: compileSnippet
  api=4 type=0 insize=9960 outsize=1875 kw= ok=1
Cmd: compileSnippet
  api=4 type=1 insize=9960 outsize=3070 kw= ok=1
Cmd: preprocess
  insize=2636 outsize=774 ok=1
Cmd: compileSnippet
  api=4 type=0 insize=1965 outsize=1339 kw= ok=1
Cmd: compileSnippet
  api=4 type=1 insize=1965 outsize=1201 kw= ok=1
Cmd: compileSnippet
  api=4 type=0 insize=1963 outsize=1339 kw= ok=1
Cmd: compileSnippet
  api=4 type=1 insize=1963 outsize=933 kw= ok=1
Cmd: compileSnippet
  api=4 type=0 insize=1976 outsize=1640 kw= ok=1
Cmd: compileSnippet
  api=4 type=1 insize=1976 outsize=1307 kw= ok=1
Cmd: compileSnippet
  api=4 type=0 insize=1974 outsize=1339 kw= ok=1
Cmd: compileSnippet
  api=4 type=1 insize=1974 outsize=852 kw= ok=1
Cmd: preprocess
  insize=968 outsize=305 ok=1
Cmd: compileSnippet
  api=4 type=0 insize=968 outsize=990 kw= ok=1
Cmd: compileSnippet
  api=4 type=1 insize=968 outsize=990 kw= ok=1
Cmd: preprocess
  insize=1377 outsize=384 ok=1
Cmd: compileSnippet
  api=4 type=0 insize=1295 outsize=1632 kw= ok=1
Cmd: compileSnippet
  api=4 type=1 insize=1295 outsize=1437 kw= ok=1
Cmd: preprocess
  insize=1420 outsize=347 ok=1
Cmd: compileSnippet
  api=4 type=0 insize=1379 outsize=1688 kw= ok=1
Cmd: compileSnippet
  api=4 type=1 insize=1379 outsize=965 kw= ok=1
Cmd: preprocess
  insize=1709 outsize=728 ok=1
Cmd: compileSnippet
  api=4 type=0 insize=1287 outsize=1827 kw= ok=1
Cmd: compileSnippet
  api=4 type=1 insize=1287 outsize=1355 kw= ok=1
Cmd: preprocess
  insize=1403 outsize=346 ok=1
Cmd: compileSnippet
  api=4 type=0 insize=1359 outsize=1485 kw= ok=1
Cmd: compileSnippet
  api=4 type=1 insize=1359 outsize=1502 kw= ok=1
Cmd: preprocess
  insize=1268 outsize=329 ok=1
Cmd: compileSnippet
  api=4 type=0 insize=1244 outsize=1298 kw= ok=1
Cmd: compileSnippet
  api=4 type=1 insize=1244 outsize=1428 kw= ok=1
Cmd: preprocess
  insize=2306 outsize=644 ok=1
Cmd: compileSnippet
  api=4 type=0 insize=1968 outsize=1428 kw= ok=1
Cmd: compileSnippet
  api=4 type=1 insize=1968 outsize=2867 kw= ok=1
Cmd: preprocess
  insize=965 outsize=271 ok=1
Cmd: compileSnippet
  api=4 type=0 insize=994 outsize=1055 kw= ok=1
Cmd: compileSnippet
  api=4 type=1 insize=994 outsize=1217 kw= ok=1
Cmd: preprocess
  insize=790 outsize=320 ok=1
Cmd: compileSnippet
  api=4 type=0 insize=772 outsize=1128 kw= ok=1
Cmd: compileSnippet
  api=4 type=1 insize=772 outsize=1103 kw= ok=1
Cmd: preprocess
  insize=32636 outsize=273 ok=1
Cmd: compileSnippet
  api=4 type=0 insize=32665 outsize=990 kw= ok=1
Cmd: compileSnippet
  api=4 type=1 insize=32665 outsize=10748 kw= ok=1
Cmd: preprocess
  insize=1216 outsize=260 ok=1
Cmd: compileSnippet
  api=4 type=0 insize=1258 outsize=1258 kw= ok=1
Cmd: compileSnippet
  api=4 type=1 insize=1258 outsize=1437 kw= ok=1
Cmd: preprocess
  insize=3601 outsize=705 ok=1
Cmd: compileSnippet
  api=4 type=0 insize=2929 outsize=1843 kw= ok=1
Cmd: compileSnippet
  api=4 type=1 insize=2929 outsize=2298 kw= ok=1
Cmd: compileSnippet
  api=4 type=0 insize=2920 outsize=1843 kw= ok=1
Cmd: compileSnippet
  api=4 type=1 insize=2920 outsize=1705 kw= ok=1
Cmd: compileSnippet
  api=4 type=0 insize=2919 outsize=1843 kw= ok=1
Cmd: compileSnippet
  api=4 type=1 insize=2919 outsize=1753 kw= ok=1
Cmd: compileSnippet
  api=4 type=0 insize=2931 outsize=1843 kw= ok=1
Cmd: compileSnippet
  api=4 type=1 insize=2931 outsize=2233 kw= ok=1
Cmd: preprocess
  insize=1000 outsize=249 ok=1
Cmd: compileSnippet
  api=4 type=0 insize=1053 outsize=1534 kw= ok=1
Cmd: compileSnippet
  api=4 type=1 insize=1053 outsize=1144 kw= ok=1
Cmd: preprocess
  insize=5357 outsize=1803 ok=1
Cmd: compileSnippet
  api=4 type=0 insize=3203 outsize=1339 kw= ok=1
Cmd: compileSnippet
  api=4 type=1 insize=3203 outsize=1160 kw= ok=1
Cmd: compileSnippet
  api=4 type=0 insize=3201 outsize=1339 kw= ok=1
Cmd: compileSnippet
  api=4 type=1 insize=3201 outsize=933 kw= ok=1
Cmd: compileSnippet
  api=4 type=0 insize=3217 outsize=1753 kw= ok=1
Cmd: compileSnippet
  api=4 type=1 insize=3217 outsize=1428 kw= ok=1
Cmd: compileSnippet
  api=4 type=0 insize=3209 outsize=1339 kw= ok=1
Cmd: compileSnippet
  api=4 type=1 insize=3209 outsize=852 kw= ok=1
Cmd: compileSnippet
  api=4 type=0 insize=3209 outsize=1339 kw= ok=1
Cmd: compileSnippet
  api=4 type=1 insize=3209 outsize=1160 kw= ok=1
Cmd: compileSnippet
  api=4 type=0 insize=3206 outsize=1339 kw= ok=1
Cmd: compileSnippet
  api=4 type=1 insize=3206 outsize=933 kw= ok=1
Cmd: compileSnippet
  api=4 type=0 insize=3218 outsize=1753 kw= ok=1
Cmd: compileSnippet
  api=4 type=1 insize=3218 outsize=1355 kw= ok=1
Cmd: compileSnippet
  api=4 type=0 insize=3211 outsize=1339 kw= ok=1
Cmd: compileSnippet
  api=4 type=1 insize=3211 outsize=770 kw= ok=1
Cmd: compileSnippet
  api=4 type=0 insize=3204 outsize=1339 kw= ok=1
Cmd: compileSnippet
  api=4 type=1 insize=3204 outsize=559 kw= ok=1
Cmd: compileSnippet
  api=4 type=0 insize=3208 outsize=1339 kw= ok=1
Cmd: compileSnippet
  api=4 type=1 insize=3208 outsize=762 kw= ok=1
Cmd: compileSnippet
  api=4 type=0 insize=3203 outsize=1339 kw= ok=1
Cmd: compileSnippet
  api=4 type=1 insize=3203 outsize=648 kw= ok=1
Cmd: preprocess
  insize=11420 outsize=1922 ok=1
Cmd: compileSnippet
  api=4 type=0 insize=8894 outsize=990 kw= ok=1
Cmd: compileSnippet
  api=4 type=1 insize=8894 outsize=2152 kw= ok=1
Cmd: compileSnippet
  api=4 type=0 insize=8886 outsize=990 kw= ok=1
Cmd: compileSnippet
  api=4 type=1 insize=8886 outsize=843 kw= ok=1
Cmd: compileSnippet
  api=4 type=0 insize=8894 outsize=990 kw= ok=1
Cmd: compileSnippet
  api=4 type=1 insize=8894 outsize=2460 kw= ok=1
Cmd: compileSnippet
  api=4 type=0 insize=8900 outsize=990 kw= ok=1
Cmd: compileSnippet
  api=4 type=1 insize=8900 outsize=3671 kw= ok=1
Cmd: compileSnippet
  api=4 type=0 insize=8910 outsize=990 kw= ok=1
Cmd: compileSnippet
  api=4 type=1 insize=8910 outsize=5970 kw= ok=1
Cmd: compileSnippet
  api=4 type=0 insize=8898 outsize=990 kw= ok=1
Cmd: compileSnippet
  api=4 type=1 insize=8898 outsize=1615 kw= ok=1
Cmd: compileSnippet
  api=4 type=0 insize=8904 outsize=990 kw= ok=1
Cmd: compileSnippet
  api=4 type=1 insize=8904 outsize=3013 kw= ok=1
Cmd: preprocess
  insize=1038 outsize=358 ok=1
Cmd: compileSnippet
  api=4 type=0 insize=985 outsize=990 kw= ok=1
Cmd: compileSnippet
  api=4 type=1 insize=985 outsize=1038 kw= ok=1
Cmd: preprocess
  insize=12074 outsize=2482 ok=1
Cmd: compileSnippet
  api=4 type=0 insize=9500 outsize=5020 kw=WATER_VERTEX_DISPLACEMENT_ON WATER_EDGEBLEND_ON WATER_REFLECTIVE ok=1
Cmd: compileSnippet
  api=4 type=1 insize=9500 outsize=5003 kw=WATER_VERTEX_DISPLACEMENT_ON WATER_EDGEBLEND_ON WATER_REFLECTIVE ok=1
Cmd: compileSnippet
  api=4 type=0 insize=9504 outsize=4727 kw=WATER_VERTEX_DISPLACEMENT_ON WATER_EDGEBLEND_ON WATER_REFLECTIVE ok=1
Cmd: compileSnippet
  api=4 type=1 insize=9504 outsize=4215 kw=WATER_VERTEX_DISPLACEMENT_ON WATER_EDGEBLEND_ON WATER_REFLECTIVE ok=1
Cmd: compileSnippet
  api=4 type=0 insize=9246 outsize=1835 kw= ok=1
Cmd: compileSnippet
  api=4 type=1 insize=9246 outsize=3070 kw= ok=1
Cmd: preprocess
  insize=6289 outsize=753 ok=1
Cmd: compileSnippet
  api=4 type=0 insize=5326 outsize=1859 kw= ok=1
Cmd: compileSnippet
  api=4 type=1 insize=5326 outsize=4020 kw= ok=1
Cmd: compileSnippet
  api=4 type=0 insize=5335 outsize=1859 kw= ok=1
Cmd: compileSnippet
  api=4 type=1 insize=5335 outsize=3135 kw= ok=1
Cmd: compileSnippet
  api=4 type=0 insize=5329 outsize=1859 kw= ok=1
Cmd: compileSnippet
  api=4 type=1 insize=5329 outsize=3167 kw= ok=1
Cmd: compileSnippet
  api=4 type=0 insize=5340 outsize=1859 kw= ok=1
Cmd: compileSnippet
  api=4 type=1 insize=5340 outsize=2347 kw= ok=1
Cmd: compileSnippet
  api=4 type=0 insize=5335 outsize=1859 kw= ok=1
Cmd: compileSnippet
  api=4 type=1 insize=5335 outsize=1908 kw= ok=1
Cmd: preprocess
  insize=2832 outsize=783 ok=1
Cmd: compileSnippet
  api=4 type=0 insize=2099 outsize=1339 kw= ok=1
Cmd: compileSnippet
  api=4 type=1 insize=2099 outsize=933 kw= ok=1
Cmd: compileSnippet
  api=4 type=0 insize=2100 outsize=1339 kw= ok=1
Cmd: compileSnippet
  api=4 type=1 insize=2100 outsize=1160 kw= ok=1
Cmd: compileSnippet
  api=4 type=0 insize=2103 outsize=1339 kw= ok=1
Cmd: compileSnippet
  api=4 type=1 insize=2103 outsize=973 kw= ok=1
Cmd: compileSnippet
  api=4 type=0 insize=2102 outsize=1339 kw= ok=1
Cmd: compileSnippet
  api=4 type=1 insize=2102 outsize=1973 kw= ok=1
Cmd: compileSnippet
  api=4 type=0 insize=2105 outsize=1339 kw= ok=1
Cmd: compileSnippet
  api=4 type=1 insize=2105 outsize=957 kw= ok=1
Cmd: preprocess
  insize=1472 outsize=1606 ok=1
Cmd: compileSnippet
  api=4 type=0 insize=6376 outsize=5767 kw=DIRECTIONAL SHADOWS_OFF LIGHTMAP_OFF DIRLIGHTMAP_OFF ok=1
Cmd: compileSnippet
  api=4 type=1 insize=6376 outsize=3858 kw=DIRECTIONAL SHADOWS_OFF LIGHTMAP_OFF DIRLIGHTMAP_OFF ok=1
Cmd: compileSnippet
  api=4 type=0 insize=3090 outsize=3720 kw=POINT ok=1
Cmd: compileSnippet
  api=4 type=1 insize=3090 outsize=2948 kw=POINT ok=1
Cmd: compileSnippet
  api=4 type=0 insize=2900 outsize=2915 kw= ok=1
Cmd: compileSnippet
  api=4 type=1 insize=2900 outsize=1550 kw= ok=1
Cmd: compileSnippet
  api=4 type=0 insize=5758 outsize=5296 kw=LIGHTMAP_OFF DIRLIGHTMAP_OFF HDR_LIGHT_PREPASS_OFF ok=1
Cmd: compileSnippet
  api=4 type=1 insize=5758 outsize=3192 kw=LIGHTMAP_OFF DIRLIGHTMAP_OFF HDR_LIGHT_PREPASS_OFF ok=1
Cmd: preprocess
  insize=8191 outsize=1109 ok=1
Cmd: compileSnippet
  api=4 type=0 insize=6257 outsize=1298 kw= ok=1
Cmd: compileSnippet
  api=4 type=1 insize=6257 outsize=1632 kw= ok=1
Cmd: compileSnippet
  api=4 type=0 insize=6261 outsize=1298 kw= ok=1
Cmd: compileSnippet
  api=4 type=1 insize=6261 outsize=1168 kw= ok=1
Cmd: compileSnippet
  api=4 type=0 insize=6270 outsize=1558 kw= ok=1
Cmd: compileSnippet
  api=4 type=1 insize=6270 outsize=2566 kw= ok=1
Cmd: compileSnippet
  api=4 type=0 insize=6264 outsize=1558 kw= ok=1
Cmd: compileSnippet
  api=4 type=1 insize=6264 outsize=2127 kw= ok=1
Cmd: compileSnippet
  api=4 type=0 insize=6262 outsize=1298 kw= ok=1
Cmd: compileSnippet
  api=4 type=1 insize=6262 outsize=1290 kw= ok=1
Cmd: compileSnippet
  api=4 type=0 insize=6266 outsize=1298 kw= ok=1
Cmd: compileSnippet
  api=4 type=1 insize=6266 outsize=1802 kw= ok=1
Cmd: compileSnippet
  api=4 type=0 insize=6270 outsize=1558 kw= ok=1
Cmd: compileSnippet
  api=4 type=1 insize=6270 outsize=2517 kw= ok=1
Cmd: compileSnippet
  api=4 type=0 insize=6256 outsize=1298 kw= ok=1
Cmd: compileSnippet
  api=4 type=1 insize=6256 outsize=852 kw= ok=1
Cmd: preprocess
  insize=977 outsize=438 ok=1
Cmd: compileSnippet
  api=4 type=0 insize=841 outsize=1128 kw= ok=1
Cmd: compileSnippet
  api=4 type=1 insize=841 outsize=778 kw= ok=1
Cmd: preprocess
  insize=13814 outsize=2635 ok=1
Cmd: compileSnippet
  api=4 type=0 insize=10227 outsize=990 kw= ok=1
Cmd: compileSnippet
  api=4 type=1 insize=10227 outsize=1177 kw= ok=1
Cmd: compileSnippet
  api=4 type=0 insize=10227 outsize=990 kw= ok=1
Cmd: compileSnippet
  api=4 type=1 insize=10227 outsize=1615 kw= ok=1
Cmd: compileSnippet
  api=4 type=0 insize=10227 outsize=990 kw= ok=1
Cmd: compileSnippet
  api=4 type=1 insize=10227 outsize=1688 kw= ok=1
Cmd: compileSnippet
  api=4 type=0 insize=10210 outsize=990 kw= ok=1
Cmd: compileSnippet
  api=4 type=1 insize=10210 outsize=1209 kw= ok=1
Cmd: compileSnippet
  api=4 type=0 insize=10229 outsize=990 kw= ok=1
Cmd: compileSnippet
  api=4 type=1 insize=10229 outsize=1339 kw= ok=1
Cmd: compileSnippet
  api=4 type=0 insize=10210 outsize=990 kw= ok=1
Cmd: compileSnippet
  api=4 type=1 insize=10210 outsize=1607 kw= ok=1
Cmd: compileSnippet
  api=4 type=0 insize=10255 outsize=1347 kw= ok=1
Cmd: compileSnippet
  api=4 type=1 insize=10255 outsize=1851 kw= ok=1
Cmd: compileSnippet
  api=4 type=0 insize=10209 outsize=990 kw= ok=1
Cmd: compileSnippet
  api=4 type=1 insize=10209 outsize=510 kw= ok=1
Cmd: compileSnippet
  api=4 type=0 insize=10213 outsize=990 kw= ok=1
Cmd: compileSnippet
  api=4 type=1 insize=10213 outsize=600 kw= ok=1
Cmd: compileSnippet
  api=4 type=0 insize=10235 outsize=2160 kw= ok=1
Cmd: compileSnippet
  api=4 type=1 insize=10235 outsize=2923 kw= ok=1
Cmd: compileSnippet
  api=4 type=0 insize=10229 outsize=2160 kw= ok=1
Cmd: compileSnippet
  api=4 type=1 insize=10229 outsize=3086 kw= ok=1
Cmd: compileSnippet
  api=4 type=0 insize=10235 outsize=2160 kw= ok=1
Cmd: compileSnippet
  api=4 type=1 insize=10235 outsize=2923 kw= ok=1
Cmd: preprocess
  insize=1950 outsize=489 ok=1
Cmd: compileSnippet
  api=4 type=0 insize=1736 outsize=990 kw= ok=1
Cmd: compileSnippet
  api=4 type=1 insize=1736 outsize=1599 kw= ok=1
Cmd: compileSnippet
  api=4 type=0 insize=1749 outsize=990 kw= ok=1
Cmd: compileSnippet
  api=4 type=1 insize=1749 outsize=1550 kw= ok=1
Cmd: preprocess
  insize=1692 outsize=302 ok=1
Cmd: compileSnippet
  api=4 type=0 insize=1695 outsize=1737 kw= ok=1
Cmd: compileSnippet
  api=4 type=1 insize=1695 outsize=2355 kw= ok=1
Cmd: preprocess
  insize=27271 outsize=4722 ok=1
Cmd: compileSnippet
  api=4 type=0 insize=19247 outsize=1298 kw= ok=1
Cmd: compileSnippet
  api=4 type=1 insize=19247 outsize=1420 kw= ok=1
Cmd: compileSnippet
  api=4 type=0 insize=19254 outsize=2095 kw= ok=1
Cmd: compileSnippet
  api=4 type=1 insize=19254 outsize=3915 kw= ok=1
Cmd: compileSnippet
  api=4 type=0 insize=19258 outsize=2095 kw= ok=1
Cmd: compileSnippet
  api=4 type=1 insize=19258 outsize=7571 kw= ok=1
Cmd: compileSnippet
  api=4 type=0 insize=19237 outsize=1298 kw= ok=1
Cmd: compileSnippet
  api=4 type=1 insize=19237 outsize=648 kw= ok=1
Cmd: compileSnippet
  api=4 type=0 insize=19253 outsize=1298 kw= ok=1
Cmd: compileSnippet
  api=4 type=1 insize=19253 outsize=1412 kw= ok=1
Cmd: compileSnippet
  api=4 type=0 insize=19240 outsize=1298 kw= ok=1
Cmd: compileSnippet
  api=4 type=1 insize=19240 outsize=2558 kw= ok=1
Cmd: compileSnippet
  api=4 type=0 insize=19251 outsize=1298 kw= ok=1
Cmd: compileSnippet
  api=4 type=1 insize=19251 outsize=2095 kw= ok=1
Cmd: compileSnippet
  api=4 type=0 insize=19247 outsize=1298 kw= ok=1
Cmd: compileSnippet
  api=4 type=1 insize=19247 outsize=827 kw= ok=1
Cmd: compileSnippet
  api=4 type=0 insize=19257 outsize=1298 kw= ok=1
Cmd: compileSnippet
  api=4 type=1 insize=19257 outsize=1485 kw= ok=1
Cmd: compileSnippet
  api=4 type=0 insize=19250 outsize=1298 kw= ok=1
Cmd: compileSnippet
  api=4 type=1 insize=19250 outsize=1217 kw= ok=1
Cmd: compileSnippet
  api=4 type=0 insize=19257 outsize=1298 kw= ok=1
Cmd: compileSnippet
  api=4 type=1 insize=19257 outsize=1802 kw= ok=1
Cmd: compileSnippet
  api=4 type=0 insize=19245 outsize=1298 kw= ok=1
Cmd: compileSnippet
  api=4 type=1 insize=19245 outsize=3086 kw= ok=1
Cmd: compileSnippet
  api=4 type=0 insize=19254 outsize=1298 kw= ok=1
Cmd: compileSnippet
  api=4 type=1 insize=19254 outsize=3484 kw= ok=1
Cmd: compileSnippet
  api=4 type=0 insize=19241 outsize=1298 kw= ok=1
Cmd: compileSnippet
  api=4 type=1 insize=19241 outsize=1542 kw= ok=1
Cmd: compileSnippet
  api=4 type=0 insize=19256 outsize=1298 kw= ok=1
Cmd: compileSnippet
  api=4 type=1 insize=19256 outsize=1030 kw= ok=1
Cmd: compileSnippet
  api=4 type=0 insize=19246 outsize=1298 kw= ok=1
Cmd: compileSnippet
  api=4 type=1 insize=19246 outsize=1388 kw= ok=1
Cmd: compileSnippet
  api=4 type=0 insize=19239 outsize=1298 kw= ok=1
Cmd: compileSnippet
  api=4 type=1 insize=19239 outsize=843 kw= ok=1
Cmd: compileSnippet
  api=4 type=0 insize=19247 outsize=1298 kw= ok=1
Cmd: compileSnippet
  api=4 type=1 insize=19247 outsize=3842 kw= ok=1
Cmd: compileSnippet
  api=4 type=0 insize=19255 outsize=1298 kw= ok=1
Cmd: compileSnippet
  api=4 type=1 insize=19255 outsize=3744 kw= ok=1
Cmd: compileSnippet
  api=4 type=0 insize=19265 outsize=2095 kw= ok=1
Cmd: compileSnippet
  api=4 type=1 insize=19265 outsize=4654 kw= ok=1
Cmd: compileSnippet
  api=4 type=0 insize=19243 outsize=1298 kw= ok=1
Cmd: compileSnippet
  api=4 type=1 insize=19243 outsize=762 kw= ok=1
Cmd: compileSnippet
  api=4 type=0 insize=19245 outsize=1298 kw= ok=1
Cmd: compileSnippet
  api=4 type=1 insize=19245 outsize=2558 kw= ok=1
Cmd: compileSnippet
  api=4 type=0 insize=19262 outsize=1298 kw= ok=1
Cmd: compileSnippet
  api=4 type=1 insize=19262 outsize=648 kw= ok=1
Cmd: preprocess
  insize=4106 outsize=553 ok=1
Cmd: compileSnippet
  api=4 type=0 insize=3753 outsize=1737 kw= ok=1
Cmd: compileSnippet
  api=4 type=1 insize=3753 outsize=2932 kw= ok=1
Cmd: compileSnippet
  api=4 type=0 insize=3766 outsize=1737 kw= ok=1
Cmd: compileSnippet
  api=4 type=1 insize=3766 outsize=1778 kw= ok=1
Cmd: compileSnippet
  api=4 type=0 insize=3757 outsize=1737 kw= ok=1
Cmd: compileSnippet
  api=4 type=1 insize=3757 outsize=2038 kw= ok=1
Cmd: preprocess
  insize=2274 outsize=1209 ok=1
Cmd: compileSnippet
  api=4 type=0 insize=1310 outsize=2103 kw= ok=1
Cmd: compileSnippet
  api=4 type=1 insize=1310 outsize=1583 kw= ok=1
Cmd: preprocess
  insize=1737 outsize=297 ok=1
Cmd: compileSnippet
  api=4 type=0 insize=1742 outsize=1713 kw= ok=1
Cmd: compileSnippet
  api=4 type=1 insize=1742 outsize=3248 kw= ok=1
Cmd: preprocess
  insize=1026 outsize=351 ok=1
Cmd: compileSnippet
  api=4 type=0 insize=977 outsize=990 kw= ok=1
Cmd: compileSnippet
  api=4 type=1 insize=977 outsize=1282 kw= ok=1
Cmd: preprocess
  insize=1123 outsize=459 ok=1
Cmd: compileSnippet
  api=4 type=0 insize=940 outsize=990 kw= ok=1
Cmd: compileSnippet
  api=4 type=1 insize=940 outsize=949 kw= ok=1
Cmd: compileSnippet
  api=4 type=0 insize=946 outsize=990 kw= ok=1
Cmd: compileSnippet
  api=4 type=1 insize=946 outsize=1006 kw= ok=1
Cmd: preprocess
  insize=738 outsize=267 ok=1
Cmd: compileSnippet
  api=4 type=0 insize=771 outsize=1128 kw= ok=1
Cmd: compileSnippet
  api=4 type=1 insize=771 outsize=819 kw= ok=1
Cmd: preprocess
  insize=5837 outsize=874 ok=1
Cmd: compileSnippet
  api=4 type=0 insize=4926 outsize=1558 kw= ok=1
Cmd: compileSnippet
  api=4 type=1 insize=4926 outsize=2135 kw= ok=1
Cmd: compileSnippet
  api=4 type=0 insize=4929 outsize=1558 kw= ok=1
Cmd: compileSnippet
  api=4 type=1 insize=4929 outsize=1640 kw= ok=1
Cmd: compileSnippet
  api=4 type=0 insize=4933 outsize=1558 kw= ok=1
Cmd: compileSnippet
  api=4 type=1 insize=4933 outsize=1802 kw= ok=1
Cmd: compileSnippet
  api=4 type=0 insize=4942 outsize=990 kw= ok=1
Cmd: compileSnippet
  api=4 type=1 insize=4942 outsize=1038 kw= ok=1
Cmd: compileSnippet
  api=4 type=0 insize=4923 outsize=1558 kw= ok=1
Cmd: compileSnippet
  api=4 type=1 insize=4923 outsize=2135 kw= ok=1
Cmd: preprocess
  insize=5846 outsize=800 ok=1
Cmd: compileSnippet
  api=4 type=0 insize=4669 outsize=990 kw= ok=1
Cmd: compileSnippet
  api=4 type=1 insize=4669 outsize=811 kw= ok=1
Cmd: compileSnippet
  api=4 type=0 insize=4674 outsize=2135 kw= ok=1
Cmd: compileSnippet
  api=4 type=1 insize=4674 outsize=1835 kw= ok=1
Cmd: compileSnippet
  api=4 type=0 insize=4684 outsize=2143 kw= ok=1
Cmd: compileSnippet
  api=4 type=1 insize=4684 outsize=2395 kw= ok=1
Cmd: compileSnippet
  api=4 type=0 insize=4679 outsize=2143 kw= ok=1
Cmd: compileSnippet
  api=4 type=1 insize=4679 outsize=2030 kw= ok=1
Cmd: compileSnippet
  api=4 type=0 insize=4685 outsize=1737 kw= ok=1
Cmd: compileSnippet
  api=4 type=1 insize=4685 outsize=2355 kw= ok=1
Cmd: preprocess
  insize=586 outsize=360 ok=1
Cmd: compileSnippet
  api=4 type=0 insize=528 outsize=1128 kw= ok=1
Cmd: compileSnippet
  api=4 type=1 insize=528 outsize=868 kw= ok=1
Cmd: preprocess
  insize=32646 outsize=272 ok=1
Cmd: compileSnippet
  api=4 type=0 insize=32675 outsize=990 kw= ok=1
Cmd: compileSnippet
  api=4 type=1 insize=32675 outsize=10683 kw= ok=1
Cmd: preprocess
  insize=5149 outsize=1741 ok=1
Cmd: compileSnippet
  api=4 type=0 insize=3712 outsize=1753 kw= ok=1
Cmd: compileSnippet
  api=4 type=1 insize=3712 outsize=4557 kw= ok=1
Cmd: preprocess
  insize=6801 outsize=255 ok=1
Cmd: compileSnippet
  api=4 type=0 insize=6848 outsize=1380 kw= ok=1
Cmd: compileSnippet
  api=4 type=1 insize=6848 outsize=4418 kw= ok=1
Cmd: preprocess
  insize=4528 outsize=554 ok=1
Cmd: compileSnippet
  api=4 type=0 insize=4181 outsize=2200 kw= ok=1
Cmd: compileSnippet
  api=4 type=1 insize=4181 outsize=4297 kw= ok=1
Cmd: compileSnippet
  api=4 type=0 insize=4186 outsize=2200 kw= ok=1
Cmd: compileSnippet
  api=4 type=1 insize=4186 outsize=3362 kw= ok=1
Cmd: preprocess
  insize=4925 outsize=1094 ok=1
Cmd: compileSnippet
  api=4 type=0 insize=3816 outsize=1298 kw= ok=1
Cmd: compileSnippet
  api=4 type=1 insize=3816 outsize=1201 kw= ok=1
Cmd: compileSnippet
  api=4 type=0 insize=3824 outsize=1233 kw= ok=1
Cmd: compileSnippet
  api=4 type=1 insize=3824 outsize=1185 kw= ok=1
Cmd: compileSnippet
  api=4 type=0 insize=3822 outsize=1298 kw= ok=1
Cmd: compileSnippet
  api=4 type=1 insize=3822 outsize=1672 kw= ok=1
Cmd: compileSnippet
  api=4 type=0 insize=3824 outsize=1298 kw= ok=1
Cmd: compileSnippet
  api=4 type=1 insize=3824 outsize=1623 kw= ok=1
Cmd: compileSnippet
  api=4 type=0 insize=3814 outsize=1298 kw= ok=1
Cmd: compileSnippet
  api=4 type=1 insize=3814 outsize=973 kw= ok=1
Cmd: preprocess
  insize=5752 outsize=1270 ok=1
Cmd: compileSnippet
  api=4 type=0 insize=4240 outsize=1428 kw= ok=1
Cmd: compileSnippet
  api=4 type=1 insize=4240 outsize=2509 kw= ok=1
Cmd: compileSnippet
  api=4 type=0 insize=3327 outsize=1185 kw= ok=1
Cmd: compileSnippet
  api=4 type=1 insize=3327 outsize=1656 kw= ok=1
Cmd: compileSnippet
  api=4 type=4 insize=3327 outsize=3590 kw= ok=1
Cmd: compileSnippet
  api=4 type=0 insize=3327 outsize=1185 kw= ok=1
Cmd: compileSnippet
  api=4 type=1 insize=3327 outsize=1656 kw= ok=1
Cmd: compileSnippet
  api=4 type=4 insize=3327 outsize=3590 kw= ok=1
Cmd: preprocess
  insize=778 outsize=304 ok=1
Cmd: compileSnippet
  api=4 type=0 insize=776 outsize=990 kw= ok=1
Cmd: compileSnippet
  api=4 type=1 insize=776 outsize=657 kw= ok=1
Cmd: preprocess
  insize=721 outsize=317 ok=1
Cmd: compileSnippet
  api=4 type=0 insize=706 outsize=1128 kw= ok=1
Cmd: compileSnippet
  api=4 type=1 insize=706 outsize=1047 kw= ok=1
Cmd: preprocess
  insize=4076 outsize=685 ok=1
Cmd: compileSnippet
  api=4 type=0 insize=3311 outsize=990 kw= ok=1
Cmd: compileSnippet
  api=4 type=1 insize=3311 outsize=1258 kw= ok=1
Cmd: compileSnippet
  api=4 type=0 insize=3319 outsize=2135 kw= ok=1
Cmd: compileSnippet
  api=4 type=1 insize=3319 outsize=1835 kw= ok=1
Cmd: compileSnippet
  api=4 type=0 insize=3328 outsize=2119 kw= ok=1
Cmd: compileSnippet
  api=4 type=1 insize=3328 outsize=2192 kw= ok=1
Cmd: compileSnippet
  api=4 type=0 insize=3323 outsize=2119 kw= ok=1
Cmd: compileSnippet
  api=4 type=1 insize=3323 outsize=2030 kw= ok=1
Cmd: preprocess
  insize=873 outsize=301 ok=1
Cmd: compileSnippet
  api=4 type=0 insize=877 outsize=990 kw= ok=1
Cmd: compileSnippet
  api=4 type=1 insize=877 outsize=1087 kw= ok=1
Cmd: preprocess
  insize=1339 outsize=296 ok=1
Cmd: compileSnippet
  api=4 type=0 insize=1347 outsize=1558 kw= ok=1
Cmd: compileSnippet
  api=4 type=1 insize=1347 outsize=1940 kw= ok=1
Cmd: preprocess
  insize=2143 outsize=983 ok=1
Cmd: compileSnippet
  api=4 type=0 insize=905 outsize=1071 kw= ok=1
Cmd: compileSnippet
  api=4 type=1 insize=905 outsize=738 kw= ok=1
Cmd: compileSnippet
  api=4 type=0 insize=860 outsize=1071 kw= ok=1
Cmd: compileSnippet
  api=4 type=1 insize=860 outsize=600 kw= ok=1
Cmd: preprocess
  insize=5961 outsize=794 ok=1
Cmd: compileSnippet
  api=4 type=0 insize=5293 outsize=998 kw= ok=1
Cmd: compileSnippet
  api=4 type=1 insize=5293 outsize=1940 kw= ok=1
Cmd: compileSnippet
  api=4 type=0 insize=5299 outsize=998 kw= ok=1
Cmd: compileSnippet
  api=4 type=1 insize=5299 outsize=1680 kw= ok=1
Cmd: compileSnippet
  api=4 type=0 insize=5309 outsize=998 kw= ok=1
Cmd: compileSnippet
  api=4 type=1 insize=5309 outsize=6921 kw= ok=1
Cmd: preprocess
  insize=1080 outsize=489 ok=1
Cmd: compileSnippet
  api=4 type=0 insize=893 outsize=1266 kw= ok=1
Cmd: compileSnippet
  api=4 type=1 insize=893 outsize=1022 kw= ok=1
Cmd: preprocess
  insize=1213 outsize=389 ok=1
Cmd: compileSnippet
  api=4 type=0 insize=1129 outsize=1233 kw= ok=1
Cmd: compileSnippet
  api=4 type=1 insize=1129 outsize=1185 kw= ok=1
Cmd: preprocess
  insize=574 outsize=259 ok=1
Cmd: compileSnippet
  api=4 type=0 insize=617 outsize=827 kw= ok=1
Cmd: compileSnippet
  api=4 type=1 insize=617 outsize=437 kw= ok=1
Cmd: preprocess
  insize=724 outsize=315 ok=1
Cmd: compileSnippet
  api=4 type=0 insize=714 outsize=990 kw= ok=1
Cmd: compileSnippet
  api=4 type=1 insize=714 outsize=713 kw= ok=1
Cmd: preprocess
  insize=1727 outsize=682 ok=1
Cmd: compileSnippet
  api=4 type=0 insize=1346 outsize=1664 kw= ok=1
Cmd: compileSnippet
  api=4 type=1 insize=1346 outsize=1242 kw= ok=1
Cmd: compileSnippet
  api=4 type=0 insize=3090 outsize=2940 kw=DIRECTIONAL ok=1
Cmd: compileSnippet
  api=4 type=1 insize=3090 outsize=2477 kw=DIRECTIONAL ok=1
Cmd: compileSnippet
  api=4 type=0 insize=6376 outsize=3963 kw=DIRECTIONAL SHADOWS_OFF LIGHTMAP_ON DIRLIGHTMAP_OFF ok=1
Cmd: compileSnippet
  api=4 type=1 insize=6376 outsize=2745 kw=DIRECTIONAL SHADOWS_OFF LIGHTMAP_ON DIRLIGHTMAP_OFF ok=1
Cmd: compileSnippet
  api=4 type=0 insize=10218 outsize=4979 kw=WATER_VERTEX_DISPLACEMENT_ON WATER_REFLECTIVE WATER_EDGEBLEND_OFF ok=1
Cmd: compileSnippet
  api=4 type=1 insize=10218 outsize=3907 kw=WATER_VERTEX_DISPLACEMENT_ON WATER_REFLECTIVE WATER_EDGEBLEND_OFF ok=1
Cmd: compileSnippet
  api=4 type=0 insize=3090 outsize=3720 kw=SPOT ok=1
Cmd: compileSnippet
  api=4 type=1 insize=3090 outsize=3387 kw=SPOT ok=1
Cmd: compileSnippet
  api=4 type=0 insize=6376 outsize=6125 kw=DIRECTIONAL SHADOWS_SCREEN LIGHTMAP_OFF DIRLIGHTMAP_OFF ok=1
Cmd: compileSnippet
  api=4 type=1 insize=6376 outsize=4232 kw=DIRECTIONAL SHADOWS_SCREEN LIGHTMAP_OFF DIRLIGHTMAP_OFF ok=1
Cmd: compileSnippet
  api=4 type=0 insize=6376 outsize=7490 kw=DIRECTIONAL SHADOWS_OFF LIGHTMAP_OFF DIRLIGHTMAP_OFF VERTEXLIGHT_ON ok=1
Cmd: compileSnippet
  api=4 type=0 insize=10218 outsize=2330 kw=WATER_SIMPLE WATER_EDGEBLEND_OFF WATER_VERTEX_DISPLACEMENT_OFF ok=1
Cmd: compileSnippet
  api=4 type=1 insize=10218 outsize=3305 kw=WATER_SIMPLE WATER_EDGEBLEND_OFF WATER_VERTEX_DISPLACEMENT_OFF ok=1
Cmd: preprocess
  insize=1099 outsize=1250 ok=1
Cmd: compileSnippet
  api=4 type=0 insize=5424 outsize=4012 kw=DIRECTIONAL LIGHTMAP_OFF DIRLIGHTMAP_OFF ok=1
Cmd: compileSnippet
  api=4 type=1 insize=5424 outsize=2639 kw=DIRECTIONAL LIGHTMAP_OFF DIRLIGHTMAP_OFF ok=1
Cmd: compileSnippet
  api=4 type=0 insize=2693 outsize=3053 kw=POINT ok=1
Cmd: compileSnippet
  api=4 type=1 insize=2693 outsize=2558 kw=POINT ok=1
Cmd: preprocess
  insize=880 outsize=1108 ok=1
Cmd: compileSnippet
  api=4 type=0 insize=4780 outsize=3557 kw=DIRECTIONAL LIGHTMAP_OFF DIRLIGHTMAP_OFF ok=1
Cmd: compileSnippet
  api=4 type=1 insize=4780 outsize=1648 kw=DIRECTIONAL LIGHTMAP_OFF DIRLIGHTMAP_OFF ok=1
Cmd: compileSnippet
  api=4 type=0 insize=2465 outsize=2875 kw=POINT ok=1
Cmd: compileSnippet
  api=4 type=1 insize=2465 outsize=1607 kw=POINT ok=1
Cmd: preprocess
  insize=1013 outsize=1508 ok=1
Cmd: compileSnippet
  api=4 type=0 insize=5375 outsize=4012 kw=DIRECTIONAL SHADOWS_OFF LIGHTMAP_OFF DIRLIGHTMAP_OFF ok=1
Cmd: compileSnippet
  api=4 type=1 insize=5375 outsize=2615 kw=DIRECTIONAL SHADOWS_OFF LIGHTMAP_OFF DIRLIGHTMAP_OFF ok=1
Cmd: compileSnippet
  api=4 type=0 insize=2662 outsize=3053 kw=POINT ok=1
Cmd: compileSnippet
  api=4 type=1 insize=2662 outsize=2550 kw=POINT ok=1
Cmd: compileSnippet
  api=4 type=0 insize=2039 outsize=1477 kw= ok=1
Cmd: compileSnippet
  api=4 type=1 insize=2039 outsize=673 kw= ok=1
Cmd: compileSnippet
  api=4 type=0 insize=4749 outsize=3801 kw=LIGHTMAP_OFF DIRLIGHTMAP_OFF HDR_LIGHT_PREPASS_OFF ok=1
Cmd: compileSnippet
  api=4 type=1 insize=4749 outsize=1875 kw=LIGHTMAP_OFF DIRLIGHTMAP_OFF HDR_LIGHT_PREPASS_OFF ok=1
